11/18/15 13:21:10,265 [5572] ERROR filter.ExceptionCatcherFilter - Uncaught Exception: exception 'InvalidArgumentException' with message 'Unable to parse file "D:\xampp\htdocs\orangehrm\symfony\plugins/orangehrmCorePlugin/config/list_component.yml": Indentation problem at line 549 ( Subject:)' in D:\xampp\htdocs\orangehrm\symfony\lib\vendor\symfony\lib\yaml\sfYaml.php:100
Stack trace:
#0 D:\xampp\htdocs\orangehrm\symfony\plugins\orangehrmCorePlugin\modules\core\actions\ohrmListComponent.class.php(210): sfYaml::load('D:\\xampp\\htdocs...')
#1 D:\xampp\htdocs\orangehrm\symfony\plugins\orangehrmCorePlugin\modules\core\actions\ohrmListComponent.class.php(191): ohrmListComponent->loadDefinitions()
#2 D:\xampp\htdocs\orangehrm\symfony\plugins\orangehrmCorePlugin\modules\core\actions\ohrmListComponent.class.php(225): ohrmListComponent->getDefinitions()
#3 D:\xampp\htdocs\orangehrm\symfony\plugins\orangehrmCorePlugin\modules\core\actions\ohrmListComponent.class.php(22): ohrmListComponent->setTemplateVariables()
#4 D:\xampp\htdocs\orangehrm\symfony\lib\vendor\symfony\lib\helper\PartialHelper.php(388): ohrmListComponent->execute(Object(sfWebRequest))
#5 D:\xampp\htdocs\orangehrm\symfony\lib\vendor\symfony\lib\helper\PartialHelper.php(150): _call_component('core', 'ohrmList', Object(sfOutputEscaperArrayDecorator))
#6 D:\xampp\htdocs\orangehrm\symfony\lib\vendor\symfony\lib\helper\PartialHelper.php(115): get_component('core', 'ohrmList', Object(sfOutputEscaperArrayDecorator))
#7 D:\xampp\htdocs\orangehrm\symfony\plugins\orangehrmAdminPlugin\modules\admin\templates\subjectSuccess.php(43): include_component('core', 'ohrmList', Object(sfOutputEscaperArrayDecorator))
#8 D:\xampp\htdocs\orangehrm\symfony\cache\orangehrm\prod\config\config_core_compile.yml.php(3851): require('D:\\xampp\\htdocs...')
#9 D:\xampp\htdocs\orangehrm\symfony\cache\orangehrm\prod\config\config_core_compile.yml.php(3910): sfPHPView->renderFile('D:/xampp/htdocs...')
#10 D:\xampp\htdocs\orangehrm\symfony\cache\orangehrm\prod\config\config_core_compile.yml.php(979): sfPHPView->render()
#11 D:\xampp\htdocs\orangehrm\symfony\cache\orangehrm\prod\config\config_core_compile.yml.php(966): sfExecutionFilter->executeView('admin', 'subject', 'Success', Array)
#12 D:\xampp\htdocs\orangehrm\symfony\cache\orangehrm\prod\config\config_core_compile.yml.php(934): sfExecutionFilter->handleView(Object(sfFilterChain), Object(subjectAction), 'Success')
#13 D:\xampp\htdocs\orangehrm\symfony\cache\orangehrm\prod\config\config_core_compile.yml.php(1031): sfExecutionFilter->execute(Object(sfFilterChain))
#14 D:\xampp\htdocs\orangehrm\symfony\lib\vendor\symfony\lib\filter\sfCommonFilter.class.php(29): sfFilterChain->execute()
#15 D:\xampp\htdocs\orangehrm\symfony\cache\orangehrm\prod\config\config_core_compile.yml.php(1031): sfCommonFilter->execute(Object(sfFilterChain))
#16 D:\xampp\htdocs\orangehrm\symfony\plugins\orangehrmCorePlugin\lib\filter\orangehrmPostExecutionFilter.php(22): sfFilterChain->execute()
#17 D:\xampp\htdocs\orangehrm\symfony\cache\orangehrm\prod\config\config_core_compile.yml.php(1031): orangehrmPostExecutionFilter->execute(Object(sfFilterChain))
#18 D:\xampp\htdocs\orangehrm\symfony\apps\orangehrm\lib\filter\ModuleFilter.php(56): sfFilterChain->execute()
#19 D:\xampp\htdocs\orangehrm\symfony\cache\orangehrm\prod\config\config_core_compile.yml.php(1031): ModuleFilter->execute(Object(sfFilterChain))
#20 D:\xampp\htdocs\orangehrm\symfony\plugins\orangehrmCorePlugin\lib\authorization\filter\ohrmAuthorizationFilter.php(101): sfFilterChain->execute()
#21 D:\xampp\htdocs\orangehrm\symfony\cache\orangehrm\prod\config\config_core_compile.yml.php(1031): ohrmAuthorizationFilter->execute(Object(sfFilterChain))
#22 D:\xampp\htdocs\orangehrm\symfony\apps\orangehrm\lib\filter\SessionInfoFetcherFilter.php(67): sfFilterChain->execute()
#23 D:\xampp\htdocs\orangehrm\symfony\cache\orangehrm\prod\config\config_core_compile.yml.php(1031): SessionInfoFetcherFilter->execute(Object(sfFilterChain))
#24 D:\xampp\htdocs\orangehrm\symfony\apps\orangehrm\lib\filter\OrangeI18NFilter.php(58): sfFilterChain->execute()
#25 D:\xampp\htdocs\orangehrm\symfony\cache\orangehrm\prod\config\config_core_compile.yml.php(1031): OrangeI18NFilter->execute(Object(sfFilterChain))
#26 D:\xampp\htdocs\orangehrm\symfony\apps\orangehrm\lib\filter\ExceptionCatcherFilter.php(26): sfFilterChain->execute()
#27 D:\xampp\htdocs\orangehrm\symfony\cache\orangehrm\prod\config\config_core_compile.yml.php(1031): ExceptionCatcherFilter->execute(Object(sfFilterChain))
#28 D:\xampp\htdocs\orangehrm\symfony\lib\vendor\symfony\lib\filter\sfBasicSecurityFilter.class.php(72): sfFilterChain->execute()
#29 D:\xampp\htdocs\orangehrm\symfony\cache\orangehrm\prod\config\config_core_compile.yml.php(1031): sfBasicSecurityFilter->execute(Object(sfFilterChain))
#30 D:\xampp\htdocs\orangehrm\symfony\cache\orangehrm\prod\config\config_core_compile.yml.php(995): sfFilterChain->execute()
#31 D:\xampp\htdocs\orangehrm\symfony\cache\orangehrm\prod\config\config_core_compile.yml.php(1031): sfRenderingFilter->execute(Object(sfFilterChain))
#32 D:\xampp\htdocs\orangehrm\symfony\cache\orangehrm\prod\config\config_core_compile.yml.php(665): sfFilterChain->execute()
#33 D:\xampp\htdocs\orangehrm\symfony\cache\orangehrm\prod\config\config_core_compile.yml.php(2352): sfController->forward('admin', 'subject')
#34 D:\xampp\htdocs\orangehrm\symfony\lib\vendor\symfony\lib\util\sfContext.class.php(170): sfFrontWebController->dispatch()
#35 D:\xampp\htdocs\orangehrm\symfony\web\index.php(22): sfContext->dispatch()
#36 {main}
[18-Nov-2015 13:21:11 Europe/Berlin] Empty module and/or action after parsing the URL "/webres_554af33274f2b9.68269152/themes/default/images/error-btn.png" (/).
